<?xml version="1.0" encoding="utf-8"?>
<test-run id="2" testcasecount="46" result="Passed" total="46" passed="46" failed="0" inconclusive="0" skipped="0" asserts="0" engine-version="3.5.0.0" clr-version="4.0.30319.42000" start-time="2024-10-23 22:05:34Z" end-time="2024-10-23 22:05:34Z" duration="0.491188">
  <test-suite type="TestSuite" id="1060" name="Immutable Sample" fullname="Immutable Sample" runstate="Runnable" testcasecount="46" result="Passed" start-time="2024-10-23 22:05:34Z" end-time="2024-10-23 22:05:34Z" duration="0.491188" total="46" passed="46" failed="0" inconclusive="0" skipped="0" asserts="0">
    <properties />
    <test-suite type="Assembly" id="1113" name="Immutable.Passport.Runtime.Tests.dll" fullname="/github/workspace/sample/Library/ScriptAssemblies/Immutable.Passport.Runtime.Tests.dll" runstate="Runnable" testcasecount="46" result="Passed" start-time="2024-10-23 22:05:34Z" end-time="2024-10-23 22:05:34Z" duration="0.477055" total="46" passed="46" failed="0" inconclusive="0" skipped="0" asserts="0">
      <properties>
        <property name="_PID" value="1142" />
        <property name="_APPDOMAIN" value="Unity Child Domain" />
        <property name="platform" value="EditMode" />
      </properties>
      <test-suite type="TestSuite" id="1114" name="Immutable" fullname="Immutable" runstate="Runnable" testcasecount="46" result="Passed" start-time="2024-10-23 22:05:34Z" end-time="2024-10-23 22:05:34Z" duration="0.476537" total="46" passed="46" failed="0" inconclusive="0" skipped="0" asserts="0">
        <properties />
        <test-suite type="TestSuite" id="1115" name="Passport" fullname="Immutable.Passport" runstate="Runnable" testcasecount="46" result="Passed" start-time="2024-10-23 22:05:34Z" end-time="2024-10-23 22:05:34Z" duration="0.473176" total="46" passed="46" failed="0" inconclusive="0" skipped="0" asserts="0">
          <properties />
          <test-suite type="TestSuite" id="1116" name="Core" fullname="Immutable.Passport.Core" runstate="Runnable" testcasecount="10" result="Passed" start-time="2024-10-23 22:05:34Z" end-time="2024-10-23 22:05:34Z" duration="0.131845" total="10" passed="10" failed="0" inconclusive="0" skipped="0" asserts="0">
            <properties />
            <test-suite type="TestFixture" id="1100" name="BrowserCommunicationsManagerTests" fullname="Immutable.Passport.Core.BrowserCommunicationsManagerTests" classname="Immutable.Passport.Core.BrowserCommunicationsManagerTests" runstate="Runnable" testcasecount="6" result="Passed" start-time="2024-10-23 22:05:34Z" end-time="2024-10-23 22:05:34Z" duration="0.111458" total="6" passed="6" failed="0" inconclusive="0" skipped="0" asserts="0">
              <properties />
              <test-case id="1105" name="CallAndResponse_Failed_ClientError_NoType" fullname="Immutable.Passport.Core.BrowserCommunicationsManagerTests.CallAndResponse_Failed_ClientError_NoType" methodname="CallAndResponse_Failed_ClientError_NoType" classname="Immutable.Passport.Core.BrowserCommunicationsManagerTests" runstate="Runnable" seed="1698307197" result="Passed" start-time="2024-10-23 22:05:34Z" end-time="2024-10-23 22:05:34Z" duration="0.060677" asserts="0">
                <properties />
                <output><![CDATA[[Immutable] [Browser Communications Manager] Call someFunction (request ID: 72b100f0-d8da-434a-9435-37077b5d908d)
[Immutable] [Browser Communications Manager] Response for: someFunction (request ID: 72b100f0-d8da-434a-9435-37077b5d908d) : {"responseFor":"someFunction","requestId":"72b100f0-d8da-434a-9435-37077b5d908d","success":false,"errorType":"","error":"some error"}
]]></output>
              </test-case>
              <test-case id="1104" name="CallAndResponse_Failed_ClientError_WithType" fullname="Immutable.Passport.Core.BrowserCommunicationsManagerTests.CallAndResponse_Failed_ClientError_WithType" methodname="CallAndResponse_Failed_ClientError_WithType" classname="Immutable.Passport.Core.BrowserCommunicationsManagerTests" runstate="Runnable" seed="299662062" result="Passed" start-time="2024-10-23 22:05:34Z" end-time="2024-10-23 22:05:34Z" duration="0.009581" asserts="0">
                <properties />
                <output><![CDATA[[Immutable] [Browser Communications Manager] Call someFunction (request ID: 83f4e64a-4af8-43af-8748-67cf09f0fef1)
[Immutable] [Browser Communications Manager] Response for: someFunction (request ID: 83f4e64a-4af8-43af-8748-67cf09f0fef1) : {"responseFor":"someFunction","requestId":"83f4e64a-4af8-43af-8748-67cf09f0fef1","success":false,"errorType":"WALLET_CONNECTION_ERROR","error":"some error"}
]]></output>
              </test-case>
              <test-case id="1103" name="CallAndResponse_Failed_NoRequestId" fullname="Immutable.Passport.Core.BrowserCommunicationsManagerTests.CallAndResponse_Failed_NoRequestId" methodname="CallAndResponse_Failed_NoRequestId" classname="Immutable.Passport.Core.BrowserCommunicationsManagerTests" runstate="Runnable" seed="1983702586" result="Passed" start-time="2024-10-23 22:05:34Z" end-time="2024-10-23 22:05:34Z" duration="0.005940" asserts="0">
                <properties />
                <output><![CDATA[[Immutable] [Browser Communications Manager] Call someFunction (request ID: 427e8213-4229-41aa-80d2-eb852b1ca090)
]]></output>
              </test-case>
              <test-case id="1106" name="CallAndResponse_Success_BrowserReady" fullname="Immutable.Passport.Core.BrowserCommunicationsManagerTests.CallAndResponse_Success_BrowserReady" methodname="CallAndResponse_Success_BrowserReady" classname="Immutable.Passport.Core.BrowserCommunicationsManagerTests" runstate="Runnable" seed="306401025" result="Passed" start-time="2024-10-23 22:05:34Z" end-time="2024-10-23 22:05:34Z" duration="0.004320" asserts="0">
                <properties />
                <output><![CDATA[[Immutable] [Browser Communications Manager] Response for: init (request ID: 1) : {"responseFor":"init","requestId":"1","success":true,"errorType":"","error":""}
[Immutable] [Browser Communications Manager] Browser is ready
]]></output>
              </test-case>
              <test-case id="1102" name="CallAndResponse_Success_NoData" fullname="Immutable.Passport.Core.BrowserCommunicationsManagerTests.CallAndResponse_Success_NoData" methodname="CallAndResponse_Success_NoData" classname="Immutable.Passport.Core.BrowserCommunicationsManagerTests" runstate="Runnable" seed="843551797" result="Passed" start-time="2024-10-23 22:05:34Z" end-time="2024-10-23 22:05:34Z" duration="0.007969" asserts="0">
                <properties />
                <output><![CDATA[[Immutable] [Browser Communications Manager] Call someFunction (request ID: d9cd17ab-fc0c-4a16-8e73-6563329b1c94)
[Immutable] [Browser Communications Manager] Response for: someFunction (request ID: d9cd17ab-fc0c-4a16-8e73-6563329b1c94) : {"responseFor":"someFunction","requestId":"d9cd17ab-fc0c-4a16-8e73-6563329b1c94","success":true,"errorType":"","error":""}
]]></output>
              </test-case>
              <test-case id="1101" name="CallAndResponse_Success_WithData" fullname="Immutable.Passport.Core.BrowserCommunicationsManagerTests.CallAndResponse_Success_WithData" methodname="CallAndResponse_Success_WithData" classname="Immutable.Passport.Core.BrowserCommunicationsManagerTests" runstate="Runnable" seed="1405553794" result="Passed" start-time="2024-10-23 22:05:34Z" end-time="2024-10-23 22:05:34Z" duration="0.007308" asserts="0">
                <properties />
                <output><![CDATA[[Immutable] [Browser Communications Manager] Call someFunction (request ID: 7acd3b98-8fb5-4e5a-af32-e84b03124e59): {"someKey":"someData"}
[Immutable] [Browser Communications Manager] Response for: someFunction (request ID: 7acd3b98-8fb5-4e5a-af32-e84b03124e59) : {"responseFor":"someFunction","requestId":"7acd3b98-8fb5-4e5a-af32-e84b03124e59","success":true,"errorType":"","error":""}
]]></output>
              </test-case>
            </test-suite>
            <test-suite type="TestFixture" id="1107" name="JsonHelpersTests" fullname="Immutable.Passport.Core.JsonHelpersTests" classname="Immutable.Passport.Core.JsonHelpersTests" runstate="Runnable" testcasecount="1" result="Passed" start-time="2024-10-23 22:05:34Z" end-time="2024-10-23 22:05:34Z" duration="0.005846" total="1" passed="1" failed="0" inconclusive="0" skipped="0" asserts="0">
              <properties />
              <test-case id="1108" name="DictionaryToJson" fullname="Immutable.Passport.Core.JsonHelpersTests.DictionaryToJson" methodname="DictionaryToJson" classname="Immutable.Passport.Core.JsonHelpersTests" runstate="Runnable" seed="1308272385" result="Passed" start-time="2024-10-23 22:05:34Z" end-time="2024-10-23 22:05:34Z" duration="0.004796" asserts="0">
                <properties />
              </test-case>
            </test-suite>
            <test-suite type="TestFixture" id="1109" name="UriHelpersTests" fullname="Immutable.Passport.Core.UriHelpersTests" classname="Immutable.Passport.Core.UriHelpersTests" runstate="Runnable" testcasecount="3" result="Passed" start-time="2024-10-23 22:05:34Z" end-time="2024-10-23 22:05:34Z" duration="0.009391" total="3" passed="3" failed="0" inconclusive="0" skipped="0" asserts="0">
              <properties />
              <test-case id="1112" name="GetQueryParameter_NoQueryParameters" fullname="Immutable.Passport.Core.UriHelpersTests.GetQueryParameter_NoQueryParameters" methodname="GetQueryParameter_NoQueryParameters" classname="Immutable.Passport.Core.UriHelpersTests" runstate="Runnable" seed="1139237703" result="Passed" start-time="2024-10-23 22:05:34Z" end-time="2024-10-23 22:05:34Z" duration="0.004007" asserts="0">
                <properties />
              </test-case>
              <test-case id="1111" name="GetQueryParameter_NoQueryParameterWithKey" fullname="Immutable.Passport.Core.UriHelpersTests.GetQueryParameter_NoQueryParameterWithKey" methodname="GetQueryParameter_NoQueryParameterWithKey" classname="Immutable.Passport.Core.UriHelpersTests" runstate="Runnable" seed="1636703919" result="Passed" start-time="2024-10-23 22:05:34Z" end-time="2024-10-23 22:05:34Z" duration="0.001517" asserts="0">
                <properties />
              </test-case>
              <test-case id="1110" name="GetQueryParameter_Success" fullname="Immutable.Passport.Core.UriHelpersTests.GetQueryParameter_Success" methodname="GetQueryParameter_Success" classname="Immutable.Passport.Core.UriHelpersTests" runstate="Runnable" seed="1503656094" result="Passed" start-time="2024-10-23 22:05:34Z" end-time="2024-10-23 22:05:34Z" duration="0.002120" asserts="0">
                <properties />
              </test-case>
            </test-suite>
          </test-suite>
          <test-suite type="TestFixture" id="1063" name="PassportImplTests" fullname="Immutable.Passport.PassportImplTests" classname="Immutable.Passport.PassportImplTests" runstate="Runnable" testcasecount="36" result="Passed" start-time="2024-10-23 22:05:34Z" end-time="2024-10-23 22:05:34Z" duration="0.337264" total="36" passed="36" failed="0" inconclusive="0" skipped="0" asserts="0">
            <properties />
            <test-case id="1079" name="ConnectImx_ConfirmCode_Failed" fullname="Immutable.Passport.PassportImplTests.ConnectImx_ConfirmCode_Failed" methodname="ConnectImx_ConfirmCode_Failed" classname="Immutable.Passport.PassportImplTests" runstate="Runnable" seed="341953214" result="Passed" start-time="2024-10-23 22:05:34Z" end-time="2024-10-23 22:05:34Z" duration="0.043286" asserts="0">
              <properties />
              <output><![CDATA[OnPassportAuthEvent CheckingForSavedCredentials
OnPassportAuthEvent CheckForSavedCredentialsSuccess
OnPassportAuthEvent Reconnecting
No response
[Immutable] [Passport Implementation] Failed to connect using saved credentials. Please check if user has saved credentials first by calling HasCredentialsSaved() : Response is invalid!
OnPassportAuthEvent ReconnectFailed
OnPassportAuthEvent ConnectingImx
OnPassportAuthEvent ConnectImxOpeningBrowser
OnPassportAuthEvent PendingBrowserLoginAndProviderSetup
No response
OnPassportAuthEvent ConnectImxFailed
]]></output>
            </test-case>
            <test-case id="1080" name="ConnectImx_ConfirmCode_NullResponse_Failed" fullname="Immutable.Passport.PassportImplTests.ConnectImx_ConfirmCode_NullResponse_Failed" methodname="ConnectImx_ConfirmCode_NullResponse_Failed" classname="Immutable.Passport.PassportImplTests" runstate="Runnable" seed="1036704863" result="Passed" start-time="2024-10-23 22:05:34Z" end-time="2024-10-23 22:05:34Z" duration="0.010700" asserts="0">
              <properties />
              <output><![CDATA[OnPassportAuthEvent CheckingForSavedCredentials
OnPassportAuthEvent CheckForSavedCredentialsSuccess
OnPassportAuthEvent Reconnecting
No response
[Immutable] [Passport Implementation] Failed to connect using saved credentials. Please check if user has saved credentials first by calling HasCredentialsSaved() : Response is invalid!
OnPassportAuthEvent ReconnectFailed
OnPassportAuthEvent ConnectingImx
OnPassportAuthEvent ConnectImxOpeningBrowser
OnPassportAuthEvent PendingBrowserLoginAndProviderSetup
No response
OnPassportAuthEvent ConnectImxFailed
]]></output>
            </test-case>
            <test-case id="1081" name="ConnectImx_HasCredentialsSaved_CannotReconnect_Logout_Success" fullname="Immutable.Passport.PassportImplTests.ConnectImx_HasCredentialsSaved_CannotReconnect_Logout_Success" methodname="ConnectImx_HasCredentialsSaved_CannotReconnect_Logout_Success" classname="Immutable.Passport.PassportImplTests" runstate="Runnable" seed="1059392403" result="Passed" start-time="2024-10-23 22:05:34Z" end-time="2024-10-23 22:05:34Z" duration="0.014669" asserts="0">
              <properties />
              <output><![CDATA[OnPassportAuthEvent CheckingForSavedCredentials
OnPassportAuthEvent CheckForSavedCredentialsSuccess
OnPassportAuthEvent Reconnecting
No response
[Immutable] [Passport Implementation] Failed to connect using saved credentials. Please check if user has saved credentials first by calling HasCredentialsSaved() : Response is invalid!
OnPassportAuthEvent ReconnectFailed
OnPassportAuthEvent ConnectingImx
OnPassportAuthEvent ConnectImxOpeningBrowser
OnPassportAuthEvent PendingBrowserLoginAndProviderSetup
OnPassportAuthEvent ConnectImxSuccess
OnPassportAuthEvent LoggingOut
OnPassportAuthEvent LogoutSuccess
]]></output>
            </test-case>
            <test-case id="1082" name="ConnectImx_HasCredentialsSaved_Reconnect_Logout_Success" fullname="Immutable.Passport.PassportImplTests.ConnectImx_HasCredentialsSaved_Reconnect_Logout_Success" methodname="ConnectImx_HasCredentialsSaved_Reconnect_Logout_Success" classname="Immutable.Passport.PassportImplTests" runstate="Runnable" seed="1705235781" result="Passed" start-time="2024-10-23 22:05:34Z" end-time="2024-10-23 22:05:34Z" duration="0.008820" asserts="0">
              <properties />
              <output><![CDATA[OnPassportAuthEvent CheckingForSavedCredentials
OnPassportAuthEvent CheckForSavedCredentialsSuccess
OnPassportAuthEvent Reconnecting
OnPassportAuthEvent ReconnectSuccess
OnPassportAuthEvent LoggingOut
OnPassportAuthEvent LogoutSuccess
]]></output>
            </test-case>
            <test-case id="1077" name="ConnectImx_InitialiseDeviceCodeAuth_Failed" fullname="Immutable.Passport.PassportImplTests.ConnectImx_InitialiseDeviceCodeAuth_Failed" methodname="ConnectImx_InitialiseDeviceCodeAuth_Failed" classname="Immutable.Passport.PassportImplTests" runstate="Runnable" seed="1075299895" result="Passed" start-time="2024-10-23 22:05:34Z" end-time="2024-10-23 22:05:34Z" duration="0.009996" asserts="0">
              <properties />
              <output><![CDATA[OnPassportAuthEvent CheckingForSavedCredentials
OnPassportAuthEvent CheckForSavedCredentialsSuccess
OnPassportAuthEvent Reconnecting
No response
[Immutable] [Passport Implementation] Failed to connect using saved credentials. Please check if user has saved credentials first by calling HasCredentialsSaved() : Response is invalid!
OnPassportAuthEvent ReconnectFailed
OnPassportAuthEvent ConnectingImx
No response
OnPassportAuthEvent ConnectImxFailed
]]></output>
            </test-case>
            <test-case id="1078" name="ConnectImx_InitialiseDeviceCodeAuth_NullResponse_Failed" fullname="Immutable.Passport.PassportImplTests.ConnectImx_InitialiseDeviceCodeAuth_NullResponse_Failed" methodname="ConnectImx_InitialiseDeviceCodeAuth_NullResponse_Failed" classname="Immutable.Passport.PassportImplTests" runstate="Runnable" seed="1786080929" result="Passed" start-time="2024-10-23 22:05:34Z" end-time="2024-10-23 22:05:34Z" duration="0.009815" asserts="0">
              <properties />
              <output><![CDATA[OnPassportAuthEvent CheckingForSavedCredentials
OnPassportAuthEvent CheckForSavedCredentialsSuccess
OnPassportAuthEvent Reconnecting
No response
[Immutable] [Passport Implementation] Failed to connect using saved credentials. Please check if user has saved credentials first by calling HasCredentialsSaved() : Response is invalid!
OnPassportAuthEvent ReconnectFailed
OnPassportAuthEvent ConnectingImx
No response
OnPassportAuthEvent ConnectImxFailed
]]></output>
            </test-case>
            <test-case id="1076" name="ConnectImx_Logout_Success" fullname="Immutable.Passport.PassportImplTests.ConnectImx_Logout_Success" methodname="ConnectImx_Logout_Success" classname="Immutable.Passport.PassportImplTests" runstate="Runnable" seed="2130641407" result="Passed" start-time="2024-10-23 22:05:34Z" end-time="2024-10-23 22:05:34Z" duration="0.011097" asserts="0">
              <properties />
              <output><![CDATA[OnPassportAuthEvent CheckingForSavedCredentials
OnPassportAuthEvent CheckForSavedCredentialsSuccess
OnPassportAuthEvent Reconnecting
No response
[Immutable] [Passport Implementation] Failed to connect using saved credentials. Please check if user has saved credentials first by calling HasCredentialsSaved() : Response is invalid!
OnPassportAuthEvent ReconnectFailed
OnPassportAuthEvent ConnectingImx
OnPassportAuthEvent ConnectImxOpeningBrowser
OnPassportAuthEvent PendingBrowserLoginAndProviderSetup
OnPassportAuthEvent ConnectImxSuccess
OnPassportAuthEvent LoggingOut
OnPassportAuthEvent LogoutSuccess
]]></output>
            </test-case>
            <test-case id="1088" name="GetAddress_Failed" fullname="Immutable.Passport.PassportImplTests.GetAddress_Failed" methodname="GetAddress_Failed" classname="Immutable.Passport.PassportImplTests" runstate="Runnable" seed="920080240" result="Passed" start-time="2024-10-23 22:05:34Z" end-time="2024-10-23 22:05:34Z" duration="0.007196" asserts="0">
              <properties />
              <output><![CDATA[Error on call
]]></output>
            </test-case>
            <test-case id="1087" name="GetAddress_Success" fullname="Immutable.Passport.PassportImplTests.GetAddress_Success" methodname="GetAddress_Success" classname="Immutable.Passport.PassportImplTests" runstate="Runnable" seed="2065027908" result="Passed" start-time="2024-10-23 22:05:34Z" end-time="2024-10-23 22:05:34Z" duration="0.005219" asserts="0">
              <properties />
            </test-case>
            <test-case id="1090" name="GetEmail_Failed" fullname="Immutable.Passport.PassportImplTests.GetEmail_Failed" methodname="GetEmail_Failed" classname="Immutable.Passport.PassportImplTests" runstate="Runnable" seed="1581180149" result="Passed" start-time="2024-10-23 22:05:34Z" end-time="2024-10-23 22:05:34Z" duration="0.008042" asserts="0">
              <properties />
              <output><![CDATA[Error on call
]]></output>
            </test-case>
            <test-case id="1089" name="GetEmail_Success" fullname="Immutable.Passport.PassportImplTests.GetEmail_Success" methodname="GetEmail_Success" classname="Immutable.Passport.PassportImplTests" runstate="Runnable" seed="1859277533" result="Passed" start-time="2024-10-23 22:05:34Z" end-time="2024-10-23 22:05:34Z" duration="0.005128" asserts="0">
              <properties />
            </test-case>
            <test-case id="1099" name="GetLinkedAddresses_EmptyResponse" fullname="Immutable.Passport.PassportImplTests.GetLinkedAddresses_EmptyResponse" methodname="GetLinkedAddresses_EmptyResponse" classname="Immutable.Passport.PassportImplTests" runstate="Runnable" seed="1745537837" result="Passed" start-time="2024-10-23 22:05:34Z" end-time="2024-10-23 22:05:34Z" duration="0.008836" asserts="0">
              <properties />
            </test-case>
            <test-case id="1097" name="GetLinkedAddresses_Failed" fullname="Immutable.Passport.PassportImplTests.GetLinkedAddresses_Failed" methodname="GetLinkedAddresses_Failed" classname="Immutable.Passport.PassportImplTests" runstate="Runnable" seed="1736574871" result="Passed" start-time="2024-10-23 22:05:34Z" end-time="2024-10-23 22:05:34Z" duration="0.005615" asserts="0">
              <properties />
              <output><![CDATA[Error on call
]]></output>
            </test-case>
            <test-case id="1098" name="GetLinkedAddresses_NullResponse" fullname="Immutable.Passport.PassportImplTests.GetLinkedAddresses_NullResponse" methodname="GetLinkedAddresses_NullResponse" classname="Immutable.Passport.PassportImplTests" runstate="Runnable" seed="1077267178" result="Passed" start-time="2024-10-23 22:05:34Z" end-time="2024-10-23 22:05:34Z" duration="0.006484" asserts="0">
              <properties />
            </test-case>
            <test-case id="1096" name="GetLinkedAddresses_Success" fullname="Immutable.Passport.PassportImplTests.GetLinkedAddresses_Success" methodname="GetLinkedAddresses_Success" classname="Immutable.Passport.PassportImplTests" runstate="Runnable" seed="1422084402" result="Passed" start-time="2024-10-23 22:05:34Z" end-time="2024-10-23 22:05:34Z" duration="0.006315" asserts="0">
              <properties />
            </test-case>
            <test-case id="1092" name="GetPassportId_Failed" fullname="Immutable.Passport.PassportImplTests.GetPassportId_Failed" methodname="GetPassportId_Failed" classname="Immutable.Passport.PassportImplTests" runstate="Runnable" seed="1645212596" result="Passed" start-time="2024-10-23 22:05:34Z" end-time="2024-10-23 22:05:34Z" duration="0.007853" asserts="0">
              <properties />
              <output><![CDATA[Error on call
]]></output>
            </test-case>
            <test-case id="1091" name="GetPassportId_Success" fullname="Immutable.Passport.PassportImplTests.GetPassportId_Success" methodname="GetPassportId_Success" classname="Immutable.Passport.PassportImplTests" runstate="Runnable" seed="1776248843" result="Passed" start-time="2024-10-23 22:05:34Z" end-time="2024-10-23 22:05:34Z" duration="0.005363" asserts="0">
              <properties />
            </test-case>
            <test-case id="1068" name="Login_ConfirmCode_Failed" fullname="Immutable.Passport.PassportImplTests.Login_ConfirmCode_Failed" methodname="Login_ConfirmCode_Failed" classname="Immutable.Passport.PassportImplTests" runstate="Runnable" seed="153758026" result="Passed" start-time="2024-10-23 22:05:34Z" end-time="2024-10-23 22:05:34Z" duration="0.010779" asserts="0">
              <properties />
              <output><![CDATA[OnPassportAuthEvent LoggingIn
OnPassportAuthEvent LoginOpeningBrowser
OnPassportAuthEvent PendingBrowserLogin
No response
OnPassportAuthEvent LoginFailed
]]></output>
            </test-case>
            <test-case id="1069" name="Login_ConfirmCode_NullResponse_Failed" fullname="Immutable.Passport.PassportImplTests.Login_ConfirmCode_NullResponse_Failed" methodname="Login_ConfirmCode_NullResponse_Failed" classname="Immutable.Passport.PassportImplTests" runstate="Runnable" seed="248853644" result="Passed" start-time="2024-10-23 22:05:34Z" end-time="2024-10-23 22:05:34Z" duration="0.007754" asserts="0">
              <properties />
              <output><![CDATA[OnPassportAuthEvent LoggingIn
OnPassportAuthEvent LoginOpeningBrowser
OnPassportAuthEvent PendingBrowserLogin
No response
OnPassportAuthEvent LoginFailed
]]></output>
            </test-case>
            <test-case id="1066" name="Login_InitialiseDeviceCodeAuth_Failed" fullname="Immutable.Passport.PassportImplTests.Login_InitialiseDeviceCodeAuth_Failed" methodname="Login_InitialiseDeviceCodeAuth_Failed" classname="Immutable.Passport.PassportImplTests" runstate="Runnable" seed="1029303544" result="Passed" start-time="2024-10-23 22:05:34Z" end-time="2024-10-23 22:05:34Z" duration="0.006782" asserts="0">
              <properties />
              <output><![CDATA[OnPassportAuthEvent LoggingIn
No response
OnPassportAuthEvent LoginFailed
]]></output>
            </test-case>
            <test-case id="1067" name="Login_InitialiseDeviceCodeAuth_NullResponse_Failed" fullname="Immutable.Passport.PassportImplTests.Login_InitialiseDeviceCodeAuth_NullResponse_Failed" methodname="Login_InitialiseDeviceCodeAuth_NullResponse_Failed" classname="Immutable.Passport.PassportImplTests" runstate="Runnable" seed="1030166728" result="Passed" start-time="2024-10-23 22:05:34Z" end-time="2024-10-23 22:05:34Z" duration="0.006721" asserts="0">
              <properties />
              <output><![CDATA[OnPassportAuthEvent LoggingIn
No response
OnPassportAuthEvent LoginFailed
]]></output>
            </test-case>
            <test-case id="1071" name="Login_InvalidTimeout" fullname="Immutable.Passport.PassportImplTests.Login_InvalidTimeout" methodname="Login_InvalidTimeout" classname="Immutable.Passport.PassportImplTests" runstate="Runnable" seed="601815101" result="Passed" start-time="2024-10-23 22:05:34Z" end-time="2024-10-23 22:05:34Z" duration="0.006897" asserts="0">
              <properties />
              <output><![CDATA[OnPassportAuthEvent LoggingIn
OnPassportAuthEvent LoginFailed
]]></output>
            </test-case>
            <test-case id="1064" name="Login_Logout_Success" fullname="Immutable.Passport.PassportImplTests.Login_Logout_Success" methodname="Login_Logout_Success" classname="Immutable.Passport.PassportImplTests" runstate="Runnable" seed="1066270901" result="Passed" start-time="2024-10-23 22:05:34Z" end-time="2024-10-23 22:05:34Z" duration="0.008345" asserts="0">
              <properties />
              <output><![CDATA[OnPassportAuthEvent LoggingIn
OnPassportAuthEvent LoginOpeningBrowser
OnPassportAuthEvent PendingBrowserLogin
OnPassportAuthEvent LoginSuccess
OnPassportAuthEvent LoggingOut
OnPassportAuthEvent LogoutSuccess
]]></output>
            </test-case>
            <test-case id="1065" name="Login_Soft_Logout_Success" fullname="Immutable.Passport.PassportImplTests.Login_Soft_Logout_Success" methodname="Login_Soft_Logout_Success" classname="Immutable.Passport.PassportImplTests" runstate="Runnable" seed="1306396560" result="Passed" start-time="2024-10-23 22:05:34Z" end-time="2024-10-23 22:05:34Z" duration="0.011002" asserts="0">
              <properties />
              <output><![CDATA[OnPassportAuthEvent LoggingIn
OnPassportAuthEvent LoginOpeningBrowser
OnPassportAuthEvent PendingBrowserLogin
OnPassportAuthEvent LoginSuccess
OnPassportAuthEvent LoggingOut
OnPassportAuthEvent LogoutSuccess
]]></output>
            </test-case>
            <test-case id="1070" name="Login_ValidTimeout" fullname="Immutable.Passport.PassportImplTests.Login_ValidTimeout" methodname="Login_ValidTimeout" classname="Immutable.Passport.PassportImplTests" runstate="Runnable" seed="1012321261" result="Passed" start-time="2024-10-23 22:05:34Z" end-time="2024-10-23 22:05:34Z" duration="0.007487" asserts="0">
              <properties />
              <output><![CDATA[OnPassportAuthEvent LoggingIn
OnPassportAuthEvent LoginOpeningBrowser
OnPassportAuthEvent PendingBrowserLogin
OnPassportAuthEvent LoginSuccess
]]></output>
            </test-case>
            <test-case id="1095" name="Logout_EmptyGetLogoutUrl" fullname="Immutable.Passport.PassportImplTests.Logout_EmptyGetLogoutUrl" methodname="Logout_EmptyGetLogoutUrl" classname="Immutable.Passport.PassportImplTests" runstate="Runnable" seed="1648841569" result="Passed" start-time="2024-10-23 22:05:34Z" end-time="2024-10-23 22:05:34Z" duration="0.010774" asserts="0">
              <properties />
              <output><![CDATA[OnPassportAuthEvent LoggingOut
[Immutable] [Passport Implementation] Failed to log out: Failed to get logout URL
OnPassportAuthEvent LogoutFailed
]]></output>
            </test-case>
            <test-case id="1094" name="Logout_FailedGetLogoutUrl" fullname="Immutable.Passport.PassportImplTests.Logout_FailedGetLogoutUrl" methodname="Logout_FailedGetLogoutUrl" classname="Immutable.Passport.PassportImplTests" runstate="Runnable" seed="1170738782" result="Passed" start-time="2024-10-23 22:05:34Z" end-time="2024-10-23 22:05:34Z" duration="0.007772" asserts="0">
              <properties />
              <output><![CDATA[OnPassportAuthEvent LoggingOut
No response
[Immutable] [Passport Implementation] Failed to log out: Response is invalid!
OnPassportAuthEvent LogoutFailed
]]></output>
            </test-case>
            <test-case id="1093" name="Logout_Success" fullname="Immutable.Passport.PassportImplTests.Logout_Success" methodname="Logout_Success" classname="Immutable.Passport.PassportImplTests" runstate="Runnable" seed="1276113901" result="Passed" start-time="2024-10-23 22:05:34Z" end-time="2024-10-23 22:05:34Z" duration="0.006433" asserts="0">
              <properties />
              <output><![CDATA[OnPassportAuthEvent LoggingOut
OnPassportAuthEvent LogoutSuccess
]]></output>
            </test-case>
            <test-case id="1085" name="Reconnect_CallFailed" fullname="Immutable.Passport.PassportImplTests.Reconnect_CallFailed" methodname="Reconnect_CallFailed" classname="Immutable.Passport.PassportImplTests" runstate="Runnable" seed="385279112" result="Passed" start-time="2024-10-23 22:05:34Z" end-time="2024-10-23 22:05:34Z" duration="0.007445" asserts="0">
              <properties />
              <output><![CDATA[OnPassportAuthEvent Reconnecting
Error on call
[Immutable] [Passport Implementation] Failed to connect using saved credentials. Please check if user has saved credentials first by calling HasCredentialsSaved() : Error on call!
OnPassportAuthEvent ReconnectFailed
]]></output>
            </test-case>
            <test-case id="1084" name="Reconnect_Failed" fullname="Immutable.Passport.PassportImplTests.Reconnect_Failed" methodname="Reconnect_Failed" classname="Immutable.Passport.PassportImplTests" runstate="Runnable" seed="52872236" result="Passed" start-time="2024-10-23 22:05:34Z" end-time="2024-10-23 22:05:34Z" duration="0.006991" asserts="0">
              <properties />
              <output><![CDATA[OnPassportAuthEvent Reconnecting
No response
[Immutable] [Passport Implementation] Failed to connect using saved credentials. Please check if user has saved credentials first by calling HasCredentialsSaved() : Response is invalid!
OnPassportAuthEvent ReconnectFailed
]]></output>
            </test-case>
            <test-case id="1086" name="Reconnect_NullResponse_Failed" fullname="Immutable.Passport.PassportImplTests.Reconnect_NullResponse_Failed" methodname="Reconnect_NullResponse_Failed" classname="Immutable.Passport.PassportImplTests" runstate="Runnable" seed="1414825552" result="Passed" start-time="2024-10-23 22:05:34Z" end-time="2024-10-23 22:05:34Z" duration="0.007002" asserts="0">
              <properties />
              <output><![CDATA[OnPassportAuthEvent Reconnecting
No response
[Immutable] [Passport Implementation] Failed to connect using saved credentials. Please check if user has saved credentials first by calling HasCredentialsSaved() : Response is invalid!
OnPassportAuthEvent ReconnectFailed
]]></output>
            </test-case>
            <test-case id="1083" name="Reconnect_Success" fullname="Immutable.Passport.PassportImplTests.Reconnect_Success" methodname="Reconnect_Success" classname="Immutable.Passport.PassportImplTests" runstate="Runnable" seed="865136400" result="Passed" start-time="2024-10-23 22:05:34Z" end-time="2024-10-23 22:05:34Z" duration="0.007526" asserts="0">
              <properties />
              <output><![CDATA[OnPassportAuthEvent Reconnecting
OnPassportAuthEvent ReconnectSuccess
OnPassportAuthEvent LoggingOut
OnPassportAuthEvent LogoutSuccess
]]></output>
            </test-case>
            <test-case id="1074" name="Relogin_CallFailed" fullname="Immutable.Passport.PassportImplTests.Relogin_CallFailed" methodname="Relogin_CallFailed" classname="Immutable.Passport.PassportImplTests" runstate="Runnable" seed="1056187842" result="Passed" start-time="2024-10-23 22:05:34Z" end-time="2024-10-23 22:05:34Z" duration="0.008618" asserts="0">
              <properties />
              <output><![CDATA[OnPassportAuthEvent ReloggingIn
Error on call
[Immutable] [Passport Implementation] Failed to login using saved credentials. Please check if user has saved credentials first by calling HasCredentialsSaved() : Error on call!
OnPassportAuthEvent ReloginFailed
]]></output>
            </test-case>
            <test-case id="1073" name="Relogin_Failed" fullname="Immutable.Passport.PassportImplTests.Relogin_Failed" methodname="Relogin_Failed" classname="Immutable.Passport.PassportImplTests" runstate="Runnable" seed="1874250116" result="Passed" start-time="2024-10-23 22:05:34Z" end-time="2024-10-23 22:05:34Z" duration="0.007179" asserts="0">
              <properties />
              <output><![CDATA[OnPassportAuthEvent ReloggingIn
No response
[Immutable] [Passport Implementation] Failed to login using saved credentials. Please check if user has saved credentials first by calling HasCredentialsSaved() : Response is invalid!
OnPassportAuthEvent ReloginFailed
]]></output>
            </test-case>
            <test-case id="1075" name="Relogin_NullResponse_Failed" fullname="Immutable.Passport.PassportImplTests.Relogin_NullResponse_Failed" methodname="Relogin_NullResponse_Failed" classname="Immutable.Passport.PassportImplTests" runstate="Runnable" seed="1699568878" result="Passed" start-time="2024-10-23 22:05:34Z" end-time="2024-10-23 22:05:34Z" duration="0.007067" asserts="0">
              <properties />
              <output><![CDATA[OnPassportAuthEvent ReloggingIn
No response
[Immutable] [Passport Implementation] Failed to login using saved credentials. Please check if user has saved credentials first by calling HasCredentialsSaved() : Response is invalid!
OnPassportAuthEvent ReloginFailed
]]></output>
            </test-case>
            <test-case id="1072" name="Relogin_Success" fullname="Immutable.Passport.PassportImplTests.Relogin_Success" methodname="Relogin_Success" classname="Immutable.Passport.PassportImplTests" runstate="Runnable" seed="1360625071" result="Failed" label="Error" start-time="2024-10-23 22:05:34Z" end-time="2024-10-23 22:05:34Z" duration="0.007510" asserts="0">
              <properties />
              <failure>
                <message><![CDATA[System.InvalidOperationException : EditMode test can only yield null]]></message>
                <stack-trace><![CDATA[]]></stack-trace>
              </failure>
              <output><![CDATA[OnPassportAuthEvent ReloggingIn
OnPassportAuthEvent ReloginSuccess
OnPassportAuthEvent LoggingOut
OnPassportAuthEvent LogoutSuccess
[Code Coverage] Code coverage results were not saved. Visited sequence points not found. 
Included Assemblies: Assembly-CSharp,Assembly-CSharp-Editor
Excluded Assemblies: <Not specified>
Included Paths: <Not specified>
Excluded Paths: <Not specified>
[Code Coverage] Code Coverage Report was generated in /github/workspace/CodeCoverage/Report
Included Assemblies: Assembly-CSharp,Assembly-CSharp-Editor
Excluded Assemblies: <Not specified>
Included Paths: <Not specified>
Excluded Paths: <Not specified>
]]></output>
            </test-case>
          </test-suite>
        </test-suite>
      </test-suite>
    </test-suite>
  </test-suite>
</test-run>